[debug] [2022-11-10T13:03:28.057Z] ----------------------------------------------------------------------
[debug] [2022-11-10T13:03:28.111Z] Command:       C:\Program Files\nodejs\node.exe C:\Users\humaira hossain\AppData\Roaming\npm\node_modules\firebase-tools\lib\bin\firebase.js init
[debug] [2022-11-10T13:03:28.112Z] CLI Version:   11.15.0
[debug] [2022-11-10T13:03:28.112Z] Platform:      win32
[debug] [2022-11-10T13:03:28.112Z] Node Version:  v16.17.0
[debug] [2022-11-10T13:03:28.712Z] Time:          Thu Nov 10 2022 18:33:28 GMT+0530 (India Standard Time)
[debug] [2022-11-10T13:03:28.713Z] ----------------------------------------------------------------------
[debug] 
[debug] [2022-11-10T13:03:28.746Z] >>> [apiv2][query] GET https://firebase-public.firebaseio.com/cli.json [none]
[debug] [2022-11-10T13:03:29.109Z] > command requires scopes: ["email","openid","https://www.googleapis.com/auth/cloudplatformprojects.readonly","https://www.googleapis.com/auth/firebase","https://www.googleapis.com/auth/cloud-platform"]
[debug] [2022-11-10T13:03:29.109Z] > authorizing via signed-in user (hhm639069@gmail.com)
[info] 
     ######## #### ########  ######## ########     ###     ######  ########
     ##        ##  ##     ## ##       ##     ##  ##   ##  ##       ##
     ######    ##  ########  ######   ########  #########  ######  ######
     ##        ##  ##    ##  ##       ##     ## ##     ##       ## ##
     ##       #### ##     ## ######## ########  ##     ##  ######  ########

You're about to initialize a Firebase project in this directory:

  C:\PROGRAMMING HERO\Assignments\Assignment 11\client side\my-app

Before we get started, keep in mind:

  * You are currently outside your home directory

[debug] [2022-11-10T13:03:29.924Z] <<< [apiv2][status] GET https://firebase-public.firebaseio.com/cli.json 200
[debug] [2022-11-10T13:03:29.925Z] <<< [apiv2][body] GET https://firebase-public.firebaseio.com/cli.json {"cloudBuildErrorAfter":1594252800000,"cloudBuildWarnAfter":1590019200000,"defaultNode10After":1594252800000,"minVersion":"3.0.5","node8DeploysDisabledAfter":1613390400000,"node8RuntimeDisabledAfter":1615809600000,"node8WarnAfter":1600128000000}
[info] 
=== Project Setup
[info] 
[info] First, let's associate this project directory with a Firebase project.
[info] You can create multiple project aliases by running firebase use --add, 
[info] but for now we'll just set up a default project.
[info] 
[debug] [2022-11-10T13:04:48.798Z] > refreshing access token with scopes: []
[debug] [2022-11-10T13:04:48.801Z] >>> [apiv2][query] POST https://www.googleapis.com/oauth2/v3/token [none]
[debug] [2022-11-10T13:04:48.801Z] >>> [apiv2][body] POST https://www.googleapis.com/oauth2/v3/token [omitted]
[debug] [2022-11-10T13:04:49.159Z] <<< [apiv2][status] POST https://www.googleapis.com/oauth2/v3/token 200
[debug] [2022-11-10T13:04:49.159Z] <<< [apiv2][body] POST https://www.googleapis.com/oauth2/v3/token [omitted]
[debug] [2022-11-10T13:04:49.190Z] >>> [apiv2][query] GET https://firebase.googleapis.com/v1beta1/projects pageSize=100
[debug] [2022-11-10T13:04:49.902Z] <<< [apiv2][status] GET https://firebase.googleapis.com/v1beta1/projects 200
[debug] [2022-11-10T13:04:49.902Z] <<< [apiv2][body] GET https://firebase.googleapis.com/v1beta1/projects [omitted]
[debug] [2022-11-10T13:07:37.114Z] ----------------------------------------------------------------------
[debug] [2022-11-10T13:07:37.116Z] Command:       C:\Program Files\nodejs\node.exe C:\Users\humaira hossain\AppData\Roaming\npm\node_modules\firebase-tools\lib\bin\firebase.js init
[debug] [2022-11-10T13:07:37.116Z] CLI Version:   11.15.0
[debug] [2022-11-10T13:07:37.116Z] Platform:      win32
[debug] [2022-11-10T13:07:37.117Z] Node Version:  v16.17.0
[debug] [2022-11-10T13:07:37.117Z] Time:          Thu Nov 10 2022 18:37:37 GMT+0530 (India Standard Time)
[debug] [2022-11-10T13:07:37.117Z] ----------------------------------------------------------------------
[debug] 
[debug] [2022-11-10T13:07:37.135Z] > command requires scopes: ["email","openid","https://www.googleapis.com/auth/cloudplatformprojects.readonly","https://www.googleapis.com/auth/firebase","https://www.googleapis.com/auth/cloud-platform"]
[debug] [2022-11-10T13:07:37.136Z] > authorizing via signed-in user (hhm639069@gmail.com)
[info] 
     ######## #### ########  ######## ########     ###     ######  ########
     ##        ##  ##     ## ##       ##     ##  ##   ##  ##       ##
     ######    ##  ########  ######   ########  #########  ######  ######
     ##        ##  ##    ##  ##       ##     ## ##     ##       ## ##
     ##       #### ##     ## ######## ########  ##     ##  ######  ########

You're about to initialize a Firebase project in this directory:

  C:\PROGRAMMING HERO\Assignments\Assignment 11\client side\my-app

Before we get started, keep in mind:

  * You are currently outside your home directory

[info] 
=== Project Setup
[info] 
[info] First, let's associate this project directory with a Firebase project.
[info] You can create multiple project aliases by running firebase use --add, 
[info] but for now we'll just set up a default project.
[info] 
[debug] [2022-11-10T13:08:13.842Z] >>> [apiv2][query] GET https://firebase.googleapis.com/v1beta1/projects pageSize=100
[debug] [2022-11-10T13:08:14.587Z] <<< [apiv2][status] GET https://firebase.googleapis.com/v1beta1/projects 200
[debug] [2022-11-10T13:08:14.587Z] <<< [apiv2][body] GET https://firebase.googleapis.com/v1beta1/projects [omitted]
[debug] [2022-11-10T13:12:14.782Z] ----------------------------------------------------------------------
[debug] [2022-11-10T13:12:14.784Z] Command:       C:\Program Files\nodejs\node.exe C:\Users\humaira hossain\AppData\Roaming\npm\node_modules\firebase-tools\lib\bin\firebase.js init
[debug] [2022-11-10T13:12:14.784Z] CLI Version:   11.15.0
[debug] [2022-11-10T13:12:14.784Z] Platform:      win32
[debug] [2022-11-10T13:12:14.784Z] Node Version:  v16.17.0
[debug] [2022-11-10T13:12:14.785Z] Time:          Thu Nov 10 2022 18:42:14 GMT+0530 (India Standard Time)
[debug] [2022-11-10T13:12:14.785Z] ----------------------------------------------------------------------
[debug] 
[debug] [2022-11-10T13:12:14.792Z] > command requires scopes: ["email","openid","https://www.googleapis.com/auth/cloudplatformprojects.readonly","https://www.googleapis.com/auth/firebase","https://www.googleapis.com/auth/cloud-platform"]
[debug] [2022-11-10T13:12:14.792Z] > authorizing via signed-in user (hhm639069@gmail.com)
[info] 
     ######## #### ########  ######## ########     ###     ######  ########
     ##        ##  ##     ## ##       ##     ##  ##   ##  ##       ##
     ######    ##  ########  ######   ########  #########  ######  ######
     ##        ##  ##    ##  ##       ##     ## ##     ##       ## ##
     ##       #### ##     ## ######## ########  ##     ##  ######  ########

You're about to initialize a Firebase project in this directory:

  C:\PROGRAMMING HERO\Assignments\Assignment 11\client side\my-app

Before we get started, keep in mind:

  * You are currently outside your home directory

[info] 
=== Project Setup
[info] 
[info] First, let's associate this project directory with a Firebase project.
[info] You can create multiple project aliases by running firebase use --add, 
[info] but for now we'll just set up a default project.
[info] 
[debug] [2022-11-10T13:12:24.517Z] >>> [apiv2][query] GET https://firebase.googleapis.com/v1beta1/projects pageSize=100
[debug] [2022-11-10T13:12:25.571Z] <<< [apiv2][status] GET https://firebase.googleapis.com/v1beta1/projects 200
[debug] [2022-11-10T13:12:25.571Z] <<< [apiv2][body] GET https://firebase.googleapis.com/v1beta1/projects [omitted]
